<?xml version="1.0" encoding="UTF-8"?>
<testsuite xmlns:xsi="http://www.w3.org/2001/XMLSchema-instance" xsi:noNamespaceSchemaLocation="https://maven.apache.org/surefire/maven-surefire-plugin/xsd/surefire-test-report.xsd" name="handCalculationsTest.HandCalculationTest" time="0.085" tests="8" errors="0" skipped="0" failures="0">
  <properties>
[...]
</properties>
  <testcase name="testHandCalculationFlush" classname="handCalculationsTest.HandCalculationTest" time="0.016"/>
  <testcase name="testHandCalculationThreeFaceCards" classname="handCalculationsTest.HandCalculationTest" time="0"/>
  <testcase name="testHandCalculationStraight" classname="handCalculationsTest.HandCalculationTest" time="0"/>
  <testcase name="testHandCalculationPair" classname="handCalculationsTest.HandCalculationTest" time="0"/>
  <testcase name="testHandCalculationThreeOfAKind" classname="handCalculationsTest.HandCalculationTest" time="0"/>
  <testcase name="testHandCalculationRoyalFlush" classname="handCalculationsTest.HandCalculationTest" time="0"/>
  <testcase name="testHandCalculationStraightFlush" classname="handCalculationsTest.HandCalculationTest" time="0"/>
  <testcase name="testGetRandomCardWithEmptyRemainingDeck" classname="handCalculationsTest.HandCalculationTest" time="0.053"/>
</testsuite>